[35m[Appium][39m Welcome to Appium v1.22.3
[35m[Appium][39m Non-default server args:
[35m[Appium][39m   port: 64990
[35m[Appium][39m   loglevel: info
[35m[Appium][39m   tmpDir: /var/folders/c8/08zyl1dd5qbg73kkkz94c_gw0000gp/T//Katalon/Appium/Temp1656917211133
[35m[Appium][39m   chromedriverPort: 64991
[35m[Appium][39m Deprecated server args:
[35m[Appium][39m   [31m--chromedriver-port[39m => --default-capabilities
[35m[Appium][39m Default capabilities, which will be added to each request unless overridden by desired capabilities:
[35m[Appium][39m   chromedriverPort: 64991
[35m[Appium][39m Appium REST http interface listener started on 0.0.0.0:64990
[35m[HTTP][39m [37m-->[39m [37mGET[39m [37m/wd/hub/status[39m
[35m[HTTP][39m [90m{}[39m
[35m[HTTP][39m [37m<-- GET /wd/hub/status [39m[32m200[39m [90m8 ms - 68[39m
[35m[HTTP][39m [90m[39m
[35m[HTTP][39m [37m-->[39m [37mGET[39m [37m/wd/hub/status[39m
[35m[HTTP][39m [90m{}[39m
[35m[HTTP][39m [37m<-- GET /wd/hub/status [39m[32m200[39m [90m1 ms - 68[39m
[35m[HTTP][39m [90m[39m
[35m[HTTP][39m [37m-->[39m [37mPOST[39m [37m/wd/hub/session[39m
[35m[HTTP][39m [90m{"desiredCapabilities":{"app":"/Users/khang.dang/Downloads/PUBLIC/Perfecto_Optima_Android_ITT_Debug.apk","noReset":true,"deviceId":"","deviceName":"emulator-5554 (sdk_gphone_x86_64_arm64 - Android 11)","fullReset":false,"platform":"ANDROID","newCommandTimeout":1800,"platformVersion":"11","automationName":"uiautomator2","autoGrantPermissions":true,"platformName":"Android","udid":"emulator-5554","systemPort":65022},"capabilities":{"firstMatch":[{"appium:app":"/Users/khang.dang/Downloads/PUBLIC/Perfecto_Optima_Android_ITT_Debug.apk","appium:autoGrantPermissions":true,"appium:automationName":"uiautomator2","deviceId":"","appium:deviceName":"emulator-5554 (sdk_gphone_x86_64_arm64 - Android 11)","appium:fullReset":false,"appium:newCommandTimeout":1800,"appium:noReset":true,"platform":"ANDROID","platformName":"android","appium:platformVersion":"11","appium:systemPort":65022,"appium:udid":"emulator-5554"}]}}[39m
[35m[BaseDriver][39m The following capabilities are not standard capabilities and should have an extension prefix:
[35m[BaseDriver][39m   deviceId
[35m[BaseDriver][39m   platform
[35m[BaseDriver][39m   chromedriverPort
[35m[Appium][39m Appium v1.22.3 creating new AndroidUiautomator2Driver (v1.70.1) session
[35m[BaseDriver][39m The following capabilities were provided, but are not recognized by Appium:
[35m[BaseDriver][39m   deviceId
[35m[BaseDriver][39m   platform
[35m[BaseDriver][39m Session created with session id: a39220eb-0835-48fb-92ff-c840748b21dc
[35m[BaseDriver][39m Using local app '/Users/khang.dang/Downloads/PUBLIC/Perfecto_Optima_Android_ITT_Debug.apk'
[35m[ADB][39m Found 1 'build-tools' folders under '/Users/khang.dang/.katalon/tools/android_sdk' (newest first):
[35m[ADB][39m     /Users/khang.dang/.katalon/tools/android_sdk/build-tools/29.0.3
[35m[ADB][39m Using 'adb' from '/Users/khang.dang/.katalon/tools/android_sdk/platform-tools/adb'
[35m[AndroidDriver][39m Retrieving device list
[35m[AndroidDriver][39m Using device: emulator-5554
[35m[ADB][39m Using 'adb' from '/Users/khang.dang/.katalon/tools/android_sdk/platform-tools/adb'
[35m[ADB][39m Getting device platform version
[35m[UiAutomator2][39m Relaxing hidden api policy
[35m[ADB][39m Package name: 'com.sentara.optimahealthbetauat'
[35m[ADB][39m Main activity name: 'com.sentara.android.optima.view.activity.SplashActivity'
[35m[UiAutomator2][39m Server package at '/usr/local/lib/node_modules/appium/node_modules/appium-uiautomator2-server/apks/appium-uiautomator2-server-v4.27.0.apk' is not writeable. Will copy it into the temporary location at '/var/folders/c8/08zyl1dd5qbg73kkkz94c_gw0000gp/T/Katalon/Appium/Temp1656917211133/202264-17847-9jbzy4.yqng4' as a workaround. Consider making this file writeable manually in order to improve the performance of session startup.
[35m[UiAutomator2][39m Server package at '/usr/local/lib/node_modules/appium/node_modules/appium-uiautomator2-server/apks/appium-uiautomator2-server-debug-androidTest.apk' is not writeable. Will copy it into the temporary location at '/var/folders/c8/08zyl1dd5qbg73kkkz94c_gw0000gp/T/Katalon/Appium/Temp1656917211133/202264-17847-9jbzy4.yqng4' as a workaround. Consider making this file writeable manually in order to improve the performance of session startup.
[35m[ADB][39m Using 'apksigner.jar' from '/Users/khang.dang/.katalon/tools/android_sdk/build-tools/29.0.3/lib/apksigner.jar'
[35m[ADB][39m '/var/folders/c8/08zyl1dd5qbg73kkkz94c_gw0000gp/T/Katalon/Appium/Temp1656917211133/202264-17847-9jbzy4.yqng4/appium-uiautomator2-server-v4.27.0.apk' is signed with the default certificate
[35m[ADB][39m '/var/folders/c8/08zyl1dd5qbg73kkkz94c_gw0000gp/T/Katalon/Appium/Temp1656917211133/202264-17847-9jbzy4.yqng4/appium-uiautomator2-server-debug-androidTest.apk' is signed with the default certificate
[35m[UiAutomator2][39m Server packages are not going to be (re)installed
[35m[ADB][39m Adding packages ["io.appium.settings","io.appium.uiautomator2.server","io.appium.uiautomator2.server.test"] to Doze whitelist
[35m[ADB][39m '/Users/khang.dang/Downloads/PUBLIC/Perfecto_Optima_Android_ITT_Debug.apk' is signed with a non-default certificate
[35m[ADB][39m The application at '/Users/khang.dang/Downloads/PUBLIC/Perfecto_Optima_Android_ITT_Debug.apk' will not be cached, because the device under test has confirmed the support of streamed installs
[35m[ADB][39m The installation of 'Perfecto_Optima_Android_ITT_Debug.apk' took 6064ms
[35m[UiAutomator2][39m Starting UIAutomator2 server 4.27.0
[35m[UiAutomator2][39m Using UIAutomator2 server from '/usr/local/lib/node_modules/appium/node_modules/appium-uiautomator2-server/apks/appium-uiautomator2-server-v4.27.0.apk' and test from '/usr/local/lib/node_modules/appium/node_modules/appium-uiautomator2-server/apks/appium-uiautomator2-server-debug-androidTest.apk'
[35m[UiAutomator2][39m Waiting up to 30000ms for UiAutomator2 to be online...
[35m[WD Proxy][39m socket hang up
[35m[WD Proxy][39m socket hang up
[35m[WD Proxy][39m socket hang up
[35m[WD Proxy][39m Determined the downstream protocol as 'W3C'
[35m[AndroidDriver][39m Screen already unlocked, doing nothing
[35m[UiAutomator2][39m Starting 'com.sentara.optimahealthbetauat/com.sentara.android.optima.view.activity.SplashActivity and waiting for 'com.sentara.optimahealthbetauat/com.sentara.android.optima.view.activity.SplashActivity'
[35m[Appium][39m New AndroidUiautomator2Driver session created successfully, session a39220eb-0835-48fb-92ff-c840748b21dc added to master session list
[35m[HTTP][39m [37m<-- POST /wd/hub/session [39m[32m200[39m [90m16482 ms - 1383[39m
[35m[HTTP][39m [90m[39m
[35m[HTTP][39m [37m-->[39m [37mGET[39m [37m/wd/hub/session/a39220eb-0835-48fb-92ff-c840748b21dc[39m
[35m[HTTP][39m [90m{}[39m
[35m[HTTP][39m [37m<-- GET /wd/hub/session/a39220eb-0835-48fb-92ff-c840748b21dc [39m[32m200[39m [90m16 ms - 1337[39m
[35m[HTTP][39m [90m[39m
[35m[HTTP][39m [37m-->[39m [37mGET[39m [37m/wd/hub/session/a39220eb-0835-48fb-92ff-c840748b21dc[39m
[35m[HTTP][39m [90m{}[39m
[35m[HTTP][39m [37m<-- GET /wd/hub/session/a39220eb-0835-48fb-92ff-c840748b21dc [39m[32m200[39m [90m13 ms - 1337[39m
[35m[HTTP][39m [90m[39m
[35m[HTTP][39m [37m-->[39m [37mGET[39m [37m/wd/hub/status[39m
[35m[HTTP][39m [90m{}[39m
[35m[HTTP][39m [37m<-- GET /wd/hub/status [39m[32m200[39m [90m1 ms - 68[39m
[35m[HTTP][39m [90m[39m
[35m[HTTP][39m [37m-->[39m [37mPOST[39m [37m/wd/hub/session/a39220eb-0835-48fb-92ff-c840748b21dc/timeouts[39m
[35m[HTTP][39m [90m{"implicit":60000}[39m
[35m[HTTP][39m [37m<-- POST /wd/hub/session/a39220eb-0835-48fb-92ff-c840748b21dc/timeouts [39m[32m200[39m [90m4 ms - 14[39m
[35m[HTTP][39m [90m[39m
[35m[HTTP][39m [37m-->[39m [37mGET[39m [37m/wd/hub/session/a39220eb-0835-48fb-92ff-c840748b21dc/source[39m
[35m[HTTP][39m [90m{}[39m
[35m[W3C (a39220eb)][39m Driver proxy active, passing request on via HTTP proxy
[35m[WD Proxy][39m Replacing sessionId 41c27a0e-5bed-4425-bf23-1d960a89acb8 with a39220eb-0835-48fb-92ff-c840748b21dc
[35m[HTTP][39m [37m<-- GET /wd/hub/session/a39220eb-0835-48fb-92ff-c840748b21dc/source [39m[32m200[39m [90m67 ms - 1490[39m
[35m[HTTP][39m [90m[39m
[35m[HTTP][39m [37m-->[39m [37mGET[39m [37m/wd/hub/session/a39220eb-0835-48fb-92ff-c840748b21dc/screenshot[39m
[35m[HTTP][39m [90m{}[39m
[35m[HTTP][39m [37m<-- GET /wd/hub/session/a39220eb-0835-48fb-92ff-c840748b21dc/screenshot [39m[32m200[39m [90m281 ms - 90534[39m
[35m[HTTP][39m [90m[39m
[35m[HTTP][39m [37m-->[39m [37mDELETE[39m [37m/wd/hub/session/a39220eb-0835-48fb-92ff-c840748b21dc[39m
[35m[HTTP][39m [90m{}[39m
[35m[Appium][39m Removing session a39220eb-0835-48fb-92ff-c840748b21dc from our master session list
[35m[UiAutomator2][39m Restoring hidden api policy to the device default configuration
[35m[HTTP][39m [37m<-- DELETE /wd/hub/session/a39220eb-0835-48fb-92ff-c840748b21dc [39m[32m200[39m [90m246 ms - 14[39m
[35m[HTTP][39m [90m[39m
